{
	"/home/me/Desktop/U/me/Project/personal-web/my-front-end/src/App.js": {
		"path": "/home/me/Desktop/U/me/Project/personal-web/my-front-end/src/App.js",
		"statementMap": {
			"0": {
				"start": { "line": 4, "column": 1 },
				"end": { "line": 4, "column": 47 }
			}
		},
		"fnMap": {
			"0": {
				"name": "App",
				"decl": {
					"start": { "line": 3, "column": 9 },
					"end": { "line": 3, "column": 12 }
				},
				"loc": {
					"start": { "line": 3, "column": 15 },
					"end": { "line": 5, "column": 1 }
				},
				"line": 3
			}
		},
		"branchMap": {},
		"s": { "0": 2 },
		"f": { "0": 2 },
		"b": {},
		"_coverageSchema": "1a1c01bbd47fc00a2c39e90264f33305004495a9",
		"hash": "958eefabe1f5bb226e8f7f16cc80145427b247f4"
	}
}
